<?xml version="1.0" encoding="UTF-8"?>
<!-- Generated by org.testng.reporters.JUnitReportReporter -->
<testsuite hostname="DESKTOP-83AKMKT" name="Demo1.Regression2" tests="1" failures="0" timestamp="4 Dec 2017 18:45:14 GMT" time="0.001" errors="0">
  <testcase name="RT" time="0.001" classname="Demo1.Regression2"/>
</testsuite>
