<?xml version="1.0" encoding="UTF-8"?>
<!-- Generated by org.testng.reporters.JUnitReportReporter -->
<testsuite hostname="DESKTOP-83AKMKT" name="Demo1.GoogleTest" tests="1" failures="0" timestamp="4 Dec 2017 18:45:14 GMT" time="20.601" errors="0">
  <testcase name="homepage" time="20.601" classname="Demo1.GoogleTest"/>
</testsuite>
